#
# A fatal error has been detected by the Java Runtime Environment:
#
#  EXCEPTION_ACCESS_VIOLATION (0xc0000005) at pc=0x000000006f6c1824, pid=21276, tid=22292
#
# JRE version: OpenJDK Runtime Environment Corretto-21.0.3.9.1 (21.0.3+9) (build 21.0.3+9-LTS)
# Java VM: OpenJDK 64-Bit Server VM Corretto-21.0.3.9.1 (21.0.3+9-LTS, mixed mode, sharing, tiered, compressed oops, compressed class ptrs, g1 gc, windows-amd64)
# Problematic frame:
# C  [imgui-java64.dll+0x1824]
#
# No core dump will be written. Minidumps are not enabled by default on client versions of Windows
#
# If you would like to submit a bug report, please visit:
#   https://github.com/corretto/corretto-21/issues/
# The crash happened outside the Java Virtual Machine in native code.
# See problematic frame for where to report the bug.
#

---------------  S U M M A R Y ------------

Command Line: -Dfile.encoding=windows-1252 -Duser.country=PH -Duser.language=en -Duser.variant org.example.Main

Host: AMD Ryzen 5 3550H with Radeon Vega Mobile Gfx  , 8 cores, 15G,  Windows 11 , 64 bit Build 22621 (10.0.22621.3672)
Time: Tue Jul  9 14:37:59 2024 Malay Peninsula Standard Time elapsed time: 0.929681 seconds (0d 0h 0m 0s)

---------------  T H R E A D  ---------------

Current thread (0x000002442a12cba0):  JavaThread "main"             [_thread_in_native, id=22292, stack(0x000000d0d8100000,0x000000d0d8200000) (1024K)]

Stack: [0x000000d0d8100000,0x000000d0d8200000],  sp=0x000000d0d81ff060,  free space=1020k
Native frames: (J=compiled Java code, j=interpreted, Vv=VM code, C=native code)
C  [imgui-java64.dll+0x1824]

Java frames: (J=compiled Java code, j=interpreted, Vv=VM code)
j  imgui.ImDrawData.getCmdListsCount()I+0
j  imgui.gl3.ImGuiImplGl3.render(Limgui/ImDrawData;)V+1
j  org.example.utils.ImGUILayer.endFrame()V+7
j  org.example.utils.ImGUILayer.update(F)V+1
j  org.example.utils.Window.loop()V+38
j  org.example.utils.Window.run()V+19
j  org.example.Main.main([Ljava/lang/String;)V+5
v  ~StubRoutines::call_stub 0x000002443be4100d

siginfo: EXCEPTION_ACCESS_VIOLATION (0xc0000005), reading address 0x0000000000000010


Registers:
RAX=0x0000000000000000, RBX=0x000002448d5a61b0, RCX=0x000002442a12cf58, RDX=0x000000d0d81ff128
RSP=0x000000d0d81ff060, RBP=0x000000d0d81ff108, RSI=0x00000000000001a0, RDI=0x000000000000094d
R8 =0x0000000000000042, R9 =0x00000007123a8120, R10=0x00007ffbddeb6790, R11=0x0000000000000000
R12=0x0000000000000000, R13=0x000002448d5a61b0, R14=0x000000d0d81ff128, R15=0x000002442a12cba0
RIP=0x000000006f6c1824, EFLAGS=0x0000000000010246


Register to memory mapping:

RAX=0x0 is null
RBX={method} {0x000002448d5a61b8} 'getCmdListsCount' '()I' in 'imgui/ImDrawData'
RCX=0x000002442a12cf58 points into unknown readable memory: 0x00000244910e1e70 | 70 1e 0e 91 44 02 00 00
RDX=0x000000d0d81ff128 is pointing into the stack for thread: 0x000002442a12cba0
RSP=0x000000d0d81ff060 is pointing into the stack for thread: 0x000002442a12cba0
RBP=0x000000d0d81ff108 is pointing into the stack for thread: 0x000002442a12cba0
RSI=0x00000000000001a0 is an unknown value
RDI=0x000000000000094d is an unknown value
R8 =0x0000000000000042 is an unknown value
R9 =0x00000007123a8120 is an oop: imgui.ImDrawData 
{0x00000007123a8120} - klass: 'imgui/ImDrawData'
 - ---- fields (total size 4 words):
 - private 'idxBuffer' 'Ljava/nio/ByteBuffer;' @12  a 'java/nio/DirectByteBuffer'{0x00000007123a81c0} (0xe2475038)
 - final 'ptr' 'J' @16  0 (0x0000000000000000)
 - private 'vtxBuffer' 'Ljava/nio/ByteBuffer;' @24  a 'java/nio/DirectByteBuffer'{0x00000007123a8248} (0xe2475049)
R10=0x00007ffbddeb6790 jvm.dll
R11=0x0 is null
R12=0x0 is null
R13={method} {0x000002448d5a61b8} 'getCmdListsCount' '()I' in 'imgui/ImDrawData'
R14=0x000000d0d81ff128 is pointing into the stack for thread: 0x000002442a12cba0
R15=0x000002442a12cba0 is a thread

Top of Stack: (sp=0x000000d0d81ff060)
0x000000d0d81ff060:   000002448d5a61b0 000002448d5a61b0
0x000000d0d81ff070:   000002448d5a61b0 000000d0d81ff128
0x000000d0d81ff080:   000000000000094d 000002443be4ce4b
0x000000d0d81ff090:   000002448d5a61b0 00000000000001a0
0x000000d0d81ff0a0:   00000000000001a0 00000000000186a0
0x000000d0d81ff0b0:   000002448d54bf30 000002443be4cadf
0x000000d0d81ff0c0:   000000d0d81ff0c0 000002448d5a61b0
0x000000d0d81ff0d0:   0000000000000004 000002448d5a66b8
0x000000d0d81ff0e0:   0000000000000000 00000007125ccf78
0x000000d0d81ff0f0:   000002448d5a61b0 0000000000000000
0x000000d0d81ff100:   000000d0d81ff128 000000d0d81ff178
0x000000d0d81ff110:   000002443be48988 0000000000000000
0x000000d0d81ff120:   000002443be4a3d5 00000007123a8120
0x000000d0d81ff130:   000000d0d81ff130 000002448d54bca9
0x000000d0d81ff140:   0000000000000010 000002448d54d4f8
0x000000d0d81ff150:   0000000000000000 0000000712586778
0x000000d0d81ff160:   000002448d54bf30 000000d0d81ff128
0x000000d0d81ff170:   000000d0d81ff1f0 000000d0d81ff248
0x000000d0d81ff180:   000002443be48860 0000000000000000
0x000000d0d81ff190:   0000000000000000 0000000000000000
0x000000d0d81ff1a0:   0000000000000000 0000000000000000
0x000000d0d81ff1b0:   0000000000000000 0000000000000000
0x000000d0d81ff1c0:   0000000000000000 0000000000000000
0x000000d0d81ff1d0:   0000000000000000 0000000000000000
0x000000d0d81ff1e0:   0000000000000000 0000000000000000
0x000000d0d81ff1f0:   00000007123a8120 00000007125868b8
0x000000d0d81ff200:   000000d0d81ff200 000002448d57ccef
0x000000d0d81ff210:   0000000000000002 000002448d57e618
0x000000d0d81ff220:   0000000000000000 000000071256b4c8
0x000000d0d81ff230:   000002448d57cd08 000000d0d81ff1f0
0x000000d0d81ff240:   000000d0d81ff258 000000d0d81ff2a8
0x000000d0d81ff250:   000002443be48860 0000000712572050 

Instructions: (pc=0x000000006f6c1824)
0x000000006f6c1724:   03 00 00 4c 63 c6 4c 89 e1 48 8b 40 08 48 8b 04
0x000000006f6c1734:   d8 48 8b 50 18 48 83 c4 20 5b 5e 41 5c 41 5d 41
0x000000006f6c1744:   5e e9 d6 09 12 00 66 0f 1f 44 00 00 53 48 83 ec
0x000000006f6c1754:   20 48 8b 01 49 63 d8 4c 8b 05 be 58 19 00 ff 90
0x000000006f6c1764:   28 03 00 00 48 8b 40 08 48 8b 04 d8 8b 40 20 48
0x000000006f6c1774:   83 c4 20 5b c3 0f 1f 80 00 00 00 00 41 56 41 55
0x000000006f6c1784:   41 54 56 53 48 83 ec 20 8b 74 24 70 48 8b 01 49
0x000000006f6c1794:   89 cd 49 89 d6 49 63 d8 4d 89 cc 4d 85 c9 74 10
0x000000006f6c17a4:   4c 89 ca ff 90 30 07 00 00 49 89 c4 49 8b 45 00
0x000000006f6c17b4:   4c 89 f2 4c 89 e9 4c 8b 05 5f 58 19 00 ff 90 28
0x000000006f6c17c4:   03 00 00 4c 63 c6 4c 89 e1 48 8b 40 08 48 8b 04
0x000000006f6c17d4:   d8 48 8b 50 28 48 83 c4 20 5b 5e 41 5c 41 5d 41
0x000000006f6c17e4:   5e e9 36 09 12 00 66 0f 1f 44 00 00 48 83 ec 28
0x000000006f6c17f4:   4c 8b 05 25 58 19 00 48 8b 01 ff 90 28 03 00 00
0x000000006f6c1804:   0f b6 00 48 83 c4 28 c3 0f 1f 40 00 48 83 ec 28
0x000000006f6c1814:   4c 8b 05 05 58 19 00 48 8b 01 ff 90 28 03 00 00
0x000000006f6c1824:   8b 40 10 48 83 c4 28 c3 0f 1f 40 00 48 83 ec 28
0x000000006f6c1834:   4c 8b 05 e5 57 19 00 48 8b 01 ff 90 28 03 00 00
0x000000006f6c1844:   8b 40 14 48 83 c4 28 c3 0f 1f 40 00 48 83 ec 28
0x000000006f6c1854:   4c 8b 05 c5 57 19 00 48 8b 01 ff 90 28 03 00 00
0x000000006f6c1864:   8b 40 18 48 83 c4 28 c3 0f 1f 40 00 41 54 53 48
0x000000006f6c1874:   83 ec 28 48 8b 01 49 89 cc 4c 89 c3 4c 8b 05 99
0x000000006f6c1884:   57 19 00 ff 90 28 03 00 00 49 89 d8 4c 89 e1 48
0x000000006f6c1894:   8d 50 1c 48 83 c4 28 5b 41 5c e9 0d 6d 08 00 66
0x000000006f6c18a4:   66 2e 0f 1f 84 00 00 00 00 00 66 90 41 54 53 48
0x000000006f6c18b4:   83 ec 28 48 8b 01 49 89 cc 4c 89 c3 4c 8b 05 59
0x000000006f6c18c4:   57 19 00 ff 90 28 03 00 00 49 89 d8 4c 89 e1 48
0x000000006f6c18d4:   8d 50 24 48 83 c4 28 5b 41 5c e9 cd 6c 08 00 66
0x000000006f6c18e4:   66 2e 0f 1f 84 00 00 00 00 00 66 90 41 54 53 48
0x000000006f6c18f4:   83 ec 28 48 8b 01 49 89 cc 4c 89 c3 4c 8b 05 19
0x000000006f6c1904:   57 19 00 ff 90 28 03 00 00 49 89 d8 4c 89 e1 48
0x000000006f6c1914:   8d 50 2c 48 83 c4 28 5b 41 5c e9 8d 6c 08 00 66 


Stack slot to memory mapping:

stack at sp + 0 slots: {method} {0x000002448d5a61b8} 'getCmdListsCount' '()I' in 'imgui/ImDrawData'
stack at sp + 1 slots: {method} {0x000002448d5a61b8} 'getCmdListsCount' '()I' in 'imgui/ImDrawData'
stack at sp + 2 slots: {method} {0x000002448d5a61b8} 'getCmdListsCount' '()I' in 'imgui/ImDrawData'
stack at sp + 3 slots: 0x000000d0d81ff128 is pointing into the stack for thread: 0x000002442a12cba0
stack at sp + 4 slots: 0x000000000000094d is an unknown value
stack at sp + 5 slots: 0x000002443be4ce4b is at code_begin+1067 in an Interpreter codelet
native method entry point (kind = native)  [0x000002443be4ca20, 0x000002443be4d548]  2856 bytes
stack at sp + 6 slots: {method} {0x000002448d5a61b8} 'getCmdListsCount' '()I' in 'imgui/ImDrawData'
stack at sp + 7 slots: 0x00000000000001a0 is an unknown value


---------------  P R O C E S S  ---------------

Threads class SMR info:
_java_thread_list=0x00000244911ca0d0, length=11, elements={
0x000002442a12cba0, 0x000002444af76760, 0x000002444af77680, 0x000002444af7cd80,
0x000002444af7d4f0, 0x000002444af80700, 0x000002444af82910, 0x000002444af86e60,
0x000002444af8b5a0, 0x000002444b87bee0, 0x000002444b89c720
}

Java Threads: ( => current thread )
=>0x000002442a12cba0 JavaThread "main"                              [_thread_in_native, id=22292, stack(0x000000d0d8100000,0x000000d0d8200000) (1024K)]
  0x000002444af76760 JavaThread "Reference Handler"          daemon [_thread_blocked, id=8336, stack(0x000000d0d8900000,0x000000d0d8a00000) (1024K)]
  0x000002444af77680 JavaThread "Finalizer"                  daemon [_thread_blocked, id=9844, stack(0x000000d0d8a00000,0x000000d0d8b00000) (1024K)]
  0x000002444af7cd80 JavaThread "Signal Dispatcher"          daemon [_thread_blocked, id=7308, stack(0x000000d0d8b00000,0x000000d0d8c00000) (1024K)]
  0x000002444af7d4f0 JavaThread "Attach Listener"            daemon [_thread_blocked, id=7976, stack(0x000000d0d8c00000,0x000000d0d8d00000) (1024K)]
  0x000002444af80700 JavaThread "Service Thread"             daemon [_thread_blocked, id=12636, stack(0x000000d0d8d00000,0x000000d0d8e00000) (1024K)]
  0x000002444af82910 JavaThread "Monitor Deflation Thread"   daemon [_thread_blocked, id=1012, stack(0x000000d0d8e00000,0x000000d0d8f00000) (1024K)]
  0x000002444af86e60 JavaThread "C2 CompilerThread0"         daemon [_thread_blocked, id=12880, stack(0x000000d0d8f00000,0x000000d0d9000000) (1024K)]
  0x000002444af8b5a0 JavaThread "C1 CompilerThread0"         daemon [_thread_blocked, id=18328, stack(0x000000d0d9000000,0x000000d0d9100000) (1024K)]
  0x000002444b87bee0 JavaThread "Notification Thread"        daemon [_thread_blocked, id=14968, stack(0x000000d0d9100000,0x000000d0d9200000) (1024K)]
  0x000002444b89c720 JavaThread "Common-Cleaner"             daemon [_thread_blocked, id=18712, stack(0x000000d0d9200000,0x000000d0d9300000) (1024K)]
Total: 11

Other Threads:
  0x000002444af588a0 VMThread "VM Thread"                           [id=4012, stack(0x000000d0d8800000,0x000000d0d8900000) (1024K)]
  0x000002444af3fb60 WatcherThread "VM Periodic Task Thread"        [id=6512, stack(0x000000d0d8700000,0x000000d0d8800000) (1024K)]
  0x000002442c2a78f0 WorkerThread "GC Thread#0"                     [id=7572, stack(0x000000d0d8200000,0x000000d0d8300000) (1024K)]
  0x000002442c2b8860 ConcurrentGCThread "G1 Main Marker"            [id=3604, stack(0x000000d0d8300000,0x000000d0d8400000) (1024K)]
  0x000002442c2b9b00 WorkerThread "G1 Conc#0"                       [id=21948, stack(0x000000d0d8400000,0x000000d0d8500000) (1024K)]
  0x000002442c2fe490 ConcurrentGCThread "G1 Refine#0"               [id=4120, stack(0x000000d0d8500000,0x000000d0d8600000) (1024K)]
  0x000002444ae16180 ConcurrentGCThread "G1 Service"                [id=17116, stack(0x000000d0d8600000,0x000000d0d8700000) (1024K)]
Total: 7

Threads with active compile tasks:
Total: 0

VM state: not at safepoint (normal execution)

VM Mutex/Monitor currently owned by a thread: None

Heap address: 0x0000000702e00000, size: 4050 MB, Compressed Oops mode: Zero based, Oop shift amount: 3

CDS archive(s) mapped at: [0x000002444c000000-0x000002444cc90000-0x000002444cc90000), size 13172736, SharedBaseAddress: 0x000002444c000000, ArchiveRelocationMode: 1.
Compressed class space mapped at: 0x000002444d000000-0x000002448d000000, reserved size: 1073741824
Narrow klass base: 0x000002444c000000, Narrow klass shift: 0, Narrow klass range: 0x100000000

GC Precious Log:
 CardTable entry size: 512
 Card Set container configuration: InlinePtr #cards 4 size 8 Array Of Cards #cards 16 size 48 Howl #buckets 8 coarsen threshold 3686 Howl Bitmap #cards 512 size 80 coarsen threshold 460 Card regions per heap region 1 cards per card region 4096
 CPUs: 8 total, 8 available
 Memory: 16193M
 Large Page Support: Disabled
 NUMA Support: Disabled
 Compressed Oops: Enabled (Zero based)
 Heap Region Size: 2M
 Heap Min Capacity: 8M
 Heap Initial Capacity: 254M
 Heap Max Capacity: 4050M
 Pre-touch: Disabled
 Parallel Workers: 8
 Concurrent Workers: 2
 Concurrent Refinement Workers: 8
 Periodic GC: Disabled

Heap:
 garbage-first heap   total 260096K, used 8192K [0x0000000702e00000, 0x0000000800000000)
  region size 2048K, 5 young (10240K), 0 survivors (0K)
 Metaspace       used 4361K, committed 4544K, reserved 1114112K
  class space    used 237K, committed 320K, reserved 1048576K

Heap Regions: E=young(eden), S=young(survivor), O=old, HS=humongous(starts), HC=humongous(continues), CS=collection set, F=free, TAMS=top-at-mark-start, PB=parsable bottom
|   0|0x0000000702e00000, 0x0000000702e00000, 0x0000000703000000|  0%| F|  |TAMS 0x0000000702e00000| PB 0x0000000702e00000| Untracked 
|   1|0x0000000703000000, 0x0000000703000000, 0x0000000703200000|  0%| F|  |TAMS 0x0000000703000000| PB 0x0000000703000000| Untracked 
|   2|0x0000000703200000, 0x0000000703200000, 0x0000000703400000|  0%| F|  |TAMS 0x0000000703200000| PB 0x0000000703200000| Untracked 
|   3|0x0000000703400000, 0x0000000703400000, 0x0000000703600000|  0%| F|  |TAMS 0x0000000703400000| PB 0x0000000703400000| Untracked 
|   4|0x0000000703600000, 0x0000000703600000, 0x0000000703800000|  0%| F|  |TAMS 0x0000000703600000| PB 0x0000000703600000| Untracked 
|   5|0x0000000703800000, 0x0000000703800000, 0x0000000703a00000|  0%| F|  |TAMS 0x0000000703800000| PB 0x0000000703800000| Untracked 
|   6|0x0000000703a00000, 0x0000000703a00000, 0x0000000703c00000|  0%| F|  |TAMS 0x0000000703a00000| PB 0x0000000703a00000| Untracked 
|   7|0x0000000703c00000, 0x0000000703c00000, 0x0000000703e00000|  0%| F|  |TAMS 0x0000000703c00000| PB 0x0000000703c00000| Untracked 
|   8|0x0000000703e00000, 0x0000000703e00000, 0x0000000704000000|  0%| F|  |TAMS 0x0000000703e00000| PB 0x0000000703e00000| Untracked 
|   9|0x0000000704000000, 0x0000000704000000, 0x0000000704200000|  0%| F|  |TAMS 0x0000000704000000| PB 0x0000000704000000| Untracked 
|  10|0x0000000704200000, 0x0000000704200000, 0x0000000704400000|  0%| F|  |TAMS 0x0000000704200000| PB 0x0000000704200000| Untracked 
|  11|0x0000000704400000, 0x0000000704400000, 0x0000000704600000|  0%| F|  |TAMS 0x0000000704400000| PB 0x0000000704400000| Untracked 
|  12|0x0000000704600000, 0x0000000704600000, 0x0000000704800000|  0%| F|  |TAMS 0x0000000704600000| PB 0x0000000704600000| Untracked 
|  13|0x0000000704800000, 0x0000000704800000, 0x0000000704a00000|  0%| F|  |TAMS 0x0000000704800000| PB 0x0000000704800000| Untracked 
|  14|0x0000000704a00000, 0x0000000704a00000, 0x0000000704c00000|  0%| F|  |TAMS 0x0000000704a00000| PB 0x0000000704a00000| Untracked 
|  15|0x0000000704c00000, 0x0000000704c00000, 0x0000000704e00000|  0%| F|  |TAMS 0x0000000704c00000| PB 0x0000000704c00000| Untracked 
|  16|0x0000000704e00000, 0x0000000704e00000, 0x0000000705000000|  0%| F|  |TAMS 0x0000000704e00000| PB 0x0000000704e00000| Untracked 
|  17|0x0000000705000000, 0x0000000705000000, 0x0000000705200000|  0%| F|  |TAMS 0x0000000705000000| PB 0x0000000705000000| Untracked 
|  18|0x0000000705200000, 0x0000000705200000, 0x0000000705400000|  0%| F|  |TAMS 0x0000000705200000| PB 0x0000000705200000| Untracked 
|  19|0x0000000705400000, 0x0000000705400000, 0x0000000705600000|  0%| F|  |TAMS 0x0000000705400000| PB 0x0000000705400000| Untracked 
|  20|0x0000000705600000, 0x0000000705600000, 0x0000000705800000|  0%| F|  |TAMS 0x0000000705600000| PB 0x0000000705600000| Untracked 
|  21|0x0000000705800000, 0x0000000705800000, 0x0000000705a00000|  0%| F|  |TAMS 0x0000000705800000| PB 0x0000000705800000| Untracked 
|  22|0x0000000705a00000, 0x0000000705a00000, 0x0000000705c00000|  0%| F|  |TAMS 0x0000000705a00000| PB 0x0000000705a00000| Untracked 
|  23|0x0000000705c00000, 0x0000000705c00000, 0x0000000705e00000|  0%| F|  |TAMS 0x0000000705c00000| PB 0x0000000705c00000| Untracked 
|  24|0x0000000705e00000, 0x0000000705e00000, 0x0000000706000000|  0%| F|  |TAMS 0x0000000705e00000| PB 0x0000000705e00000| Untracked 
|  25|0x0000000706000000, 0x0000000706000000, 0x0000000706200000|  0%| F|  |TAMS 0x0000000706000000| PB 0x0000000706000000| Untracked 
|  26|0x0000000706200000, 0x0000000706200000, 0x0000000706400000|  0%| F|  |TAMS 0x0000000706200000| PB 0x0000000706200000| Untracked 
|  27|0x0000000706400000, 0x0000000706400000, 0x0000000706600000|  0%| F|  |TAMS 0x0000000706400000| PB 0x0000000706400000| Untracked 
|  28|0x0000000706600000, 0x0000000706600000, 0x0000000706800000|  0%| F|  |TAMS 0x0000000706600000| PB 0x0000000706600000| Untracked 
|  29|0x0000000706800000, 0x0000000706800000, 0x0000000706a00000|  0%| F|  |TAMS 0x0000000706800000| PB 0x0000000706800000| Untracked 
|  30|0x0000000706a00000, 0x0000000706a00000, 0x0000000706c00000|  0%| F|  |TAMS 0x0000000706a00000| PB 0x0000000706a00000| Untracked 
|  31|0x0000000706c00000, 0x0000000706c00000, 0x0000000706e00000|  0%| F|  |TAMS 0x0000000706c00000| PB 0x0000000706c00000| Untracked 
|  32|0x0000000706e00000, 0x0000000706e00000, 0x0000000707000000|  0%| F|  |TAMS 0x0000000706e00000| PB 0x0000000706e00000| Untracked 
|  33|0x0000000707000000, 0x0000000707000000, 0x0000000707200000|  0%| F|  |TAMS 0x0000000707000000| PB 0x0000000707000000| Untracked 
|  34|0x0000000707200000, 0x0000000707200000, 0x0000000707400000|  0%| F|  |TAMS 0x0000000707200000| PB 0x0000000707200000| Untracked 
|  35|0x0000000707400000, 0x0000000707400000, 0x0000000707600000|  0%| F|  |TAMS 0x0000000707400000| PB 0x0000000707400000| Untracked 
|  36|0x0000000707600000, 0x0000000707600000, 0x0000000707800000|  0%| F|  |TAMS 0x0000000707600000| PB 0x0000000707600000| Untracked 
|  37|0x0000000707800000, 0x0000000707800000, 0x0000000707a00000|  0%| F|  |TAMS 0x0000000707800000| PB 0x0000000707800000| Untracked 
|  38|0x0000000707a00000, 0x0000000707a00000, 0x0000000707c00000|  0%| F|  |TAMS 0x0000000707a00000| PB 0x0000000707a00000| Untracked 
|  39|0x0000000707c00000, 0x0000000707c00000, 0x0000000707e00000|  0%| F|  |TAMS 0x0000000707c00000| PB 0x0000000707c00000| Untracked 
|  40|0x0000000707e00000, 0x0000000707e00000, 0x0000000708000000|  0%| F|  |TAMS 0x0000000707e00000| PB 0x0000000707e00000| Untracked 
|  41|0x0000000708000000, 0x0000000708000000, 0x0000000708200000|  0%| F|  |TAMS 0x0000000708000000| PB 0x0000000708000000| Untracked 
|  42|0x0000000708200000, 0x0000000708200000, 0x0000000708400000|  0%| F|  |TAMS 0x0000000708200000| PB 0x0000000708200000| Untracked 
|  43|0x0000000708400000, 0x0000000708400000, 0x0000000708600000|  0%| F|  |TAMS 0x0000000708400000| PB 0x0000000708400000| Untracked 
|  44|0x0000000708600000, 0x0000000708600000, 0x0000000708800000|  0%| F|  |TAMS 0x0000000708600000| PB 0x0000000708600000| Untracked 
|  45|0x0000000708800000, 0x0000000708800000, 0x0000000708a00000|  0%| F|  |TAMS 0x0000000708800000| PB 0x0000000708800000| Untracked 
|  46|0x0000000708a00000, 0x0000000708a00000, 0x0000000708c00000|  0%| F|  |TAMS 0x0000000708a00000| PB 0x0000000708a00000| Untracked 
|  47|0x0000000708c00000, 0x0000000708c00000, 0x0000000708e00000|  0%| F|  |TAMS 0x0000000708c00000| PB 0x0000000708c00000| Untracked 
|  48|0x0000000708e00000, 0x0000000708e00000, 0x0000000709000000|  0%| F|  |TAMS 0x0000000708e00000| PB 0x0000000708e00000| Untracked 
|  49|0x0000000709000000, 0x0000000709000000, 0x0000000709200000|  0%| F|  |TAMS 0x0000000709000000| PB 0x0000000709000000| Untracked 
|  50|0x0000000709200000, 0x0000000709200000, 0x0000000709400000|  0%| F|  |TAMS 0x0000000709200000| PB 0x0000000709200000| Untracked 
|  51|0x0000000709400000, 0x0000000709400000, 0x0000000709600000|  0%| F|  |TAMS 0x0000000709400000| PB 0x0000000709400000| Untracked 
|  52|0x0000000709600000, 0x0000000709600000, 0x0000000709800000|  0%| F|  |TAMS 0x0000000709600000| PB 0x0000000709600000| Untracked 
|  53|0x0000000709800000, 0x0000000709800000, 0x0000000709a00000|  0%| F|  |TAMS 0x0000000709800000| PB 0x0000000709800000| Untracked 
|  54|0x0000000709a00000, 0x0000000709a00000, 0x0000000709c00000|  0%| F|  |TAMS 0x0000000709a00000| PB 0x0000000709a00000| Untracked 
|  55|0x0000000709c00000, 0x0000000709c00000, 0x0000000709e00000|  0%| F|  |TAMS 0x0000000709c00000| PB 0x0000000709c00000| Untracked 
|  56|0x0000000709e00000, 0x0000000709e00000, 0x000000070a000000|  0%| F|  |TAMS 0x0000000709e00000| PB 0x0000000709e00000| Untracked 
|  57|0x000000070a000000, 0x000000070a000000, 0x000000070a200000|  0%| F|  |TAMS 0x000000070a000000| PB 0x000000070a000000| Untracked 
|  58|0x000000070a200000, 0x000000070a200000, 0x000000070a400000|  0%| F|  |TAMS 0x000000070a200000| PB 0x000000070a200000| Untracked 
|  59|0x000000070a400000, 0x000000070a400000, 0x000000070a600000|  0%| F|  |TAMS 0x000000070a400000| PB 0x000000070a400000| Untracked 
|  60|0x000000070a600000, 0x000000070a600000, 0x000000070a800000|  0%| F|  |TAMS 0x000000070a600000| PB 0x000000070a600000| Untracked 
|  61|0x000000070a800000, 0x000000070a800000, 0x000000070aa00000|  0%| F|  |TAMS 0x000000070a800000| PB 0x000000070a800000| Untracked 
|  62|0x000000070aa00000, 0x000000070aa00000, 0x000000070ac00000|  0%| F|  |TAMS 0x000000070aa00000| PB 0x000000070aa00000| Untracked 
|  63|0x000000070ac00000, 0x000000070ac00000, 0x000000070ae00000|  0%| F|  |TAMS 0x000000070ac00000| PB 0x000000070ac00000| Untracked 
|  64|0x000000070ae00000, 0x000000070ae00000, 0x000000070b000000|  0%| F|  |TAMS 0x000000070ae00000| PB 0x000000070ae00000| Untracked 
|  65|0x000000070b000000, 0x000000070b000000, 0x000000070b200000|  0%| F|  |TAMS 0x000000070b000000| PB 0x000000070b000000| Untracked 
|  66|0x000000070b200000, 0x000000070b200000, 0x000000070b400000|  0%| F|  |TAMS 0x000000070b200000| PB 0x000000070b200000| Untracked 
|  67|0x000000070b400000, 0x000000070b400000, 0x000000070b600000|  0%| F|  |TAMS 0x000000070b400000| PB 0x000000070b400000| Untracked 
|  68|0x000000070b600000, 0x000000070b600000, 0x000000070b800000|  0%| F|  |TAMS 0x000000070b600000| PB 0x000000070b600000| Untracked 
|  69|0x000000070b800000, 0x000000070b800000, 0x000000070ba00000|  0%| F|  |TAMS 0x000000070b800000| PB 0x000000070b800000| Untracked 
|  70|0x000000070ba00000, 0x000000070ba00000, 0x000000070bc00000|  0%| F|  |TAMS 0x000000070ba00000| PB 0x000000070ba00000| Untracked 
|  71|0x000000070bc00000, 0x000000070bc00000, 0x000000070be00000|  0%| F|  |TAMS 0x000000070bc00000| PB 0x000000070bc00000| Untracked 
|  72|0x000000070be00000, 0x000000070be00000, 0x000000070c000000|  0%| F|  |TAMS 0x000000070be00000| PB 0x000000070be00000| Untracked 
|  73|0x000000070c000000, 0x000000070c000000, 0x000000070c200000|  0%| F|  |TAMS 0x000000070c000000| PB 0x000000070c000000| Untracked 
|  74|0x000000070c200000, 0x000000070c200000, 0x000000070c400000|  0%| F|  |TAMS 0x000000070c200000| PB 0x000000070c200000| Untracked 
|  75|0x000000070c400000, 0x000000070c400000, 0x000000070c600000|  0%| F|  |TAMS 0x000000070c400000| PB 0x000000070c400000| Untracked 
|  76|0x000000070c600000, 0x000000070c600000, 0x000000070c800000|  0%| F|  |TAMS 0x000000070c600000| PB 0x000000070c600000| Untracked 
|  77|0x000000070c800000, 0x000000070c800000, 0x000000070ca00000|  0%| F|  |TAMS 0x000000070c800000| PB 0x000000070c800000| Untracked 
|  78|0x000000070ca00000, 0x000000070ca00000, 0x000000070cc00000|  0%| F|  |TAMS 0x000000070ca00000| PB 0x000000070ca00000| Untracked 
|  79|0x000000070cc00000, 0x000000070cc00000, 0x000000070ce00000|  0%| F|  |TAMS 0x000000070cc00000| PB 0x000000070cc00000| Untracked 
|  80|0x000000070ce00000, 0x000000070ce00000, 0x000000070d000000|  0%| F|  |TAMS 0x000000070ce00000| PB 0x000000070ce00000| Untracked 
|  81|0x000000070d000000, 0x000000070d000000, 0x000000070d200000|  0%| F|  |TAMS 0x000000070d000000| PB 0x000000070d000000| Untracked 
|  82|0x000000070d200000, 0x000000070d200000, 0x000000070d400000|  0%| F|  |TAMS 0x000000070d200000| PB 0x000000070d200000| Untracked 
|  83|0x000000070d400000, 0x000000070d400000, 0x000000070d600000|  0%| F|  |TAMS 0x000000070d400000| PB 0x000000070d400000| Untracked 
|  84|0x000000070d600000, 0x000000070d600000, 0x000000070d800000|  0%| F|  |TAMS 0x000000070d600000| PB 0x000000070d600000| Untracked 
|  85|0x000000070d800000, 0x000000070d800000, 0x000000070da00000|  0%| F|  |TAMS 0x000000070d800000| PB 0x000000070d800000| Untracked 
|  86|0x000000070da00000, 0x000000070da00000, 0x000000070dc00000|  0%| F|  |TAMS 0x000000070da00000| PB 0x000000070da00000| Untracked 
|  87|0x000000070dc00000, 0x000000070dc00000, 0x000000070de00000|  0%| F|  |TAMS 0x000000070dc00000| PB 0x000000070dc00000| Untracked 
|  88|0x000000070de00000, 0x000000070de00000, 0x000000070e000000|  0%| F|  |TAMS 0x000000070de00000| PB 0x000000070de00000| Untracked 
|  89|0x000000070e000000, 0x000000070e000000, 0x000000070e200000|  0%| F|  |TAMS 0x000000070e000000| PB 0x000000070e000000| Untracked 
|  90|0x000000070e200000, 0x000000070e200000, 0x000000070e400000|  0%| F|  |TAMS 0x000000070e200000| PB 0x000000070e200000| Untracked 
|  91|0x000000070e400000, 0x000000070e400000, 0x000000070e600000|  0%| F|  |TAMS 0x000000070e400000| PB 0x000000070e400000| Untracked 
|  92|0x000000070e600000, 0x000000070e600000, 0x000000070e800000|  0%| F|  |TAMS 0x000000070e600000| PB 0x000000070e600000| Untracked 
|  93|0x000000070e800000, 0x000000070e800000, 0x000000070ea00000|  0%| F|  |TAMS 0x000000070e800000| PB 0x000000070e800000| Untracked 
|  94|0x000000070ea00000, 0x000000070ea00000, 0x000000070ec00000|  0%| F|  |TAMS 0x000000070ea00000| PB 0x000000070ea00000| Untracked 
|  95|0x000000070ec00000, 0x000000070ec00000, 0x000000070ee00000|  0%| F|  |TAMS 0x000000070ec00000| PB 0x000000070ec00000| Untracked 
|  96|0x000000070ee00000, 0x000000070ee00000, 0x000000070f000000|  0%| F|  |TAMS 0x000000070ee00000| PB 0x000000070ee00000| Untracked 
|  97|0x000000070f000000, 0x000000070f000000, 0x000000070f200000|  0%| F|  |TAMS 0x000000070f000000| PB 0x000000070f000000| Untracked 
|  98|0x000000070f200000, 0x000000070f200000, 0x000000070f400000|  0%| F|  |TAMS 0x000000070f200000| PB 0x000000070f200000| Untracked 
|  99|0x000000070f400000, 0x000000070f400000, 0x000000070f600000|  0%| F|  |TAMS 0x000000070f400000| PB 0x000000070f400000| Untracked 
| 100|0x000000070f600000, 0x000000070f600000, 0x000000070f800000|  0%| F|  |TAMS 0x000000070f600000| PB 0x000000070f600000| Untracked 
| 101|0x000000070f800000, 0x000000070f800000, 0x000000070fa00000|  0%| F|  |TAMS 0x000000070f800000| PB 0x000000070f800000| Untracked 
| 102|0x000000070fa00000, 0x000000070fa00000, 0x000000070fc00000|  0%| F|  |TAMS 0x000000070fa00000| PB 0x000000070fa00000| Untracked 
| 103|0x000000070fc00000, 0x000000070fc00000, 0x000000070fe00000|  0%| F|  |TAMS 0x000000070fc00000| PB 0x000000070fc00000| Untracked 
| 104|0x000000070fe00000, 0x000000070fe00000, 0x0000000710000000|  0%| F|  |TAMS 0x000000070fe00000| PB 0x000000070fe00000| Untracked 
| 105|0x0000000710000000, 0x0000000710000000, 0x0000000710200000|  0%| F|  |TAMS 0x0000000710000000| PB 0x0000000710000000| Untracked 
| 106|0x0000000710200000, 0x0000000710200000, 0x0000000710400000|  0%| F|  |TAMS 0x0000000710200000| PB 0x0000000710200000| Untracked 
| 107|0x0000000710400000, 0x0000000710400000, 0x0000000710600000|  0%| F|  |TAMS 0x0000000710400000| PB 0x0000000710400000| Untracked 
| 108|0x0000000710600000, 0x0000000710600000, 0x0000000710800000|  0%| F|  |TAMS 0x0000000710600000| PB 0x0000000710600000| Untracked 
| 109|0x0000000710800000, 0x0000000710800000, 0x0000000710a00000|  0%| F|  |TAMS 0x0000000710800000| PB 0x0000000710800000| Untracked 
| 110|0x0000000710a00000, 0x0000000710a00000, 0x0000000710c00000|  0%| F|  |TAMS 0x0000000710a00000| PB 0x0000000710a00000| Untracked 
| 111|0x0000000710c00000, 0x0000000710c00000, 0x0000000710e00000|  0%| F|  |TAMS 0x0000000710c00000| PB 0x0000000710c00000| Untracked 
| 112|0x0000000710e00000, 0x0000000710e00000, 0x0000000711000000|  0%| F|  |TAMS 0x0000000710e00000| PB 0x0000000710e00000| Untracked 
| 113|0x0000000711000000, 0x0000000711000000, 0x0000000711200000|  0%| F|  |TAMS 0x0000000711000000| PB 0x0000000711000000| Untracked 
| 114|0x0000000711200000, 0x0000000711200000, 0x0000000711400000|  0%| F|  |TAMS 0x0000000711200000| PB 0x0000000711200000| Untracked 
| 115|0x0000000711400000, 0x0000000711400000, 0x0000000711600000|  0%| F|  |TAMS 0x0000000711400000| PB 0x0000000711400000| Untracked 
| 116|0x0000000711600000, 0x0000000711600000, 0x0000000711800000|  0%| F|  |TAMS 0x0000000711600000| PB 0x0000000711600000| Untracked 
| 117|0x0000000711800000, 0x0000000711800000, 0x0000000711a00000|  0%| F|  |TAMS 0x0000000711800000| PB 0x0000000711800000| Untracked 
| 118|0x0000000711a00000, 0x0000000711a00000, 0x0000000711c00000|  0%| F|  |TAMS 0x0000000711a00000| PB 0x0000000711a00000| Untracked 
| 119|0x0000000711c00000, 0x0000000711c00000, 0x0000000711e00000|  0%| F|  |TAMS 0x0000000711c00000| PB 0x0000000711c00000| Untracked 
| 120|0x0000000711e00000, 0x0000000711e00000, 0x0000000712000000|  0%| F|  |TAMS 0x0000000711e00000| PB 0x0000000711e00000| Untracked 
| 121|0x0000000712000000, 0x0000000712000000, 0x0000000712200000|  0%| F|  |TAMS 0x0000000712000000| PB 0x0000000712000000| Untracked 
| 122|0x0000000712200000, 0x0000000712400000, 0x0000000712400000|100%| E|  |TAMS 0x0000000712200000| PB 0x0000000712200000| Complete 
| 123|0x0000000712400000, 0x0000000712600000, 0x0000000712600000|100%| E|CS|TAMS 0x0000000712400000| PB 0x0000000712400000| Complete 
| 124|0x0000000712600000, 0x0000000712800000, 0x0000000712800000|100%| E|CS|TAMS 0x0000000712600000| PB 0x0000000712600000| Complete 
| 125|0x0000000712800000, 0x0000000712a00000, 0x0000000712a00000|100%| E|CS|TAMS 0x0000000712800000| PB 0x0000000712800000| Complete 
| 126|0x0000000712a00000, 0x0000000712c00000, 0x0000000712c00000|100%| E|CS|TAMS 0x0000000712a00000| PB 0x0000000712a00000| Complete 

Card table byte_map: [0x0000024444440000,0x0000024444c30000] _byte_map_base: 0x0000024440c29000

Marking Bits: (CMBitMap*) 0x000002442c2a7ff0
 Bits: [0x0000024444c30000, 0x0000024448b78000)

Polling page: 0x000002442a3a0000

Metaspace:

Usage:
  Non-class:      4.03 MB used.
      Class:    237.51 KB used.
       Both:      4.26 MB used.

Virtual space:
  Non-class space:       64.00 MB reserved,       4.12 MB (  6%) committed,  1 nodes.
      Class space:        1.00 GB reserved,     320.00 KB ( <1%) committed,  1 nodes.
             Both:        1.06 GB reserved,       4.44 MB ( <1%) committed. 

Chunk freelists:
   Non-Class:  9.47 MB
       Class:  15.61 MB
        Both:  25.08 MB

MaxMetaspaceSize: unlimited
CompressedClassSpaceSize: 1.00 GB
Initial GC threshold: 21.00 MB
Current GC threshold: 21.00 MB
CDS: on
 - commit_granule_bytes: 65536.
 - commit_granule_words: 8192.
 - virtual_space_node_default_size: 8388608.
 - enlarge_chunks_in_place: 1.
 - use_allocation_guard: 0.


Internal statistics:

num_allocs_failed_limit: 0.
num_arena_births: 88.
num_arena_deaths: 0.
num_vsnodes_births: 2.
num_vsnodes_deaths: 0.
num_space_committed: 69.
num_space_uncommitted: 0.
num_chunks_returned_to_freelist: 0.
num_chunks_taken_from_freelist: 206.
num_chunk_merges: 0.
num_chunk_splits: 137.
num_chunks_enlarged: 97.
num_inconsistent_stats: 0.

CodeHeap 'non-profiled nmethods': size=120000Kb used=222Kb max_used=222Kb free=119777Kb
 bounds [0x000002443c3e0000, 0x000002443c650000, 0x0000024443910000]
CodeHeap 'profiled nmethods': size=120000Kb used=1177Kb max_used=1177Kb free=118822Kb
 bounds [0x0000024434910000, 0x0000024434b80000, 0x000002443be40000]
CodeHeap 'non-nmethods': size=5760Kb used=2293Kb max_used=2293Kb free=3467Kb
 bounds [0x000002443be40000, 0x000002443c0b0000, 0x000002443c3e0000]
 total_blobs=1979 nmethods=751 adapters=1133
 compilation: enabled
              stopped_count=0, restarted_count=0
 full_count=0

Compilation events (20 events):
Event: 0.892 Thread 0x000002444af8b5a0 nmethod 741 0x0000024434a2a410 code [0x0000024434a2a5e0, 0x0000024434a2a8b0]
Event: 0.892 Thread 0x000002444af8b5a0  742       1       java.util.zip.ZipEntry::getSize (5 bytes)
Event: 0.892 Thread 0x000002444af8b5a0 nmethod 742 0x000002443c416990 code [0x000002443c416b20, 0x000002443c416be8]
Event: 0.894 Thread 0x000002444af8b5a0  743       3       java.io.WinNTFileSystem::prefixLength (91 bytes)
Event: 0.895 Thread 0x000002444af8b5a0 nmethod 743 0x0000024434a2aa10 code [0x0000024434a2ad20, 0x0000024434a2c0e0]
Event: 0.898 Thread 0x000002444af86e60 nmethod 736 0x000002443c416c90 code [0x000002443c416e60, 0x000002443c417408]
Event: 0.904 Thread 0x000002444af8b5a0  745   !   3       java.net.URL::<init> (543 bytes)
Event: 0.907 Thread 0x000002444af8b5a0 nmethod 745 0x0000024434a2c790 code [0x0000024434a2cda0, 0x0000024434a300b8]
Event: 0.907 Thread 0x000002444af8b5a0  744       3       java.net.URL::<init> (8 bytes)
Event: 0.907 Thread 0x000002444af8b5a0 nmethod 744 0x0000024434a31d90 code [0x0000024434a31f40, 0x0000024434a32088]
Event: 0.907 Thread 0x000002444af8b5a0  746       3       java.net.URLStreamHandler::setURL (156 bytes)
Event: 0.908 Thread 0x000002444af8b5a0 nmethod 746 0x0000024434a32110 code [0x0000024434a32420, 0x0000024434a33470]
Event: 0.908 Thread 0x000002444af8b5a0  747       3       java.lang.invoke.MemberName::getModifiers (8 bytes)
Event: 0.908 Thread 0x000002444af8b5a0 nmethod 747 0x0000024434a33a90 code [0x0000024434a33c20, 0x0000024434a33d30]
Event: 0.910 Thread 0x000002444af8b5a0  748       3       jdk.internal.loader.NativeLibraries$NativeLibraryImpl::find (9 bytes)
Event: 0.910 Thread 0x000002444af8b5a0 nmethod 748 0x0000024434a33d90 code [0x0000024434a33f40, 0x0000024434a34080]
Event: 0.911 Thread 0x000002444af8b5a0  750       3       jdk.internal.access.SharedSecrets::javaUtilJarAccess (19 bytes)
Event: 0.911 Thread 0x000002444af8b5a0 nmethod 750 0x0000024434a34110 code [0x0000024434a34320, 0x0000024434a347b8]
Event: 0.913 Thread 0x000002444af8b5a0  751   !   3       java.util.jar.JarFile::checkForSpecialAttributes (163 bytes)
Event: 0.914 Thread 0x000002444af8b5a0 nmethod 751 0x0000024434a34a90 code [0x0000024434a34d80, 0x0000024434a35eb0]

GC Heap History (0 events):
No events

Dll operation events (9 events):
Event: 0.014 Loaded shared library C:\Users\Allen Mercado\.jdks\corretto-21.0.3\bin\java.dll
Event: 0.056 Loaded shared library C:\Users\Allen Mercado\.jdks\corretto-21.0.3\bin\jsvml.dll
Event: 0.112 Loaded shared library C:\Users\Allen Mercado\.jdks\corretto-21.0.3\bin\net.dll
Event: 0.115 Loaded shared library C:\Users\Allen Mercado\.jdks\corretto-21.0.3\bin\nio.dll
Event: 0.119 Loaded shared library C:\Users\Allen Mercado\.jdks\corretto-21.0.3\bin\zip.dll
Event: 0.193 Loaded shared library C:\Users\Allen Mercado\.jdks\corretto-21.0.3\bin\jimage.dll
Event: 0.222 Loaded shared library C:\Users\Allen Mercado\AppData\Local\Temp\lwjgl_Allen Mercado\3.3.3+5\x64\lwjgl.dll
Event: 0.550 Loaded shared library C:\Users\Allen Mercado\AppData\Local\Temp\lwjgl_Allen Mercado\3.3.3+5\x64\lwjgl_opengl.dll
Event: 0.873 Loaded shared library C:\Users\Allen Mercado\AppData\Local\Temp\imgui-java-bin_Allen Mercado\imgui-java64.dll

Deoptimization events (16 events):
Event: 0.196 Thread 0x000002442a12cba0 DEOPT PACKING pc=0x0000024434929c78 sp=0x000000d0d81fab40
Event: 0.196 Thread 0x000002442a12cba0 DEOPT UNPACKING pc=0x000002443be94e42 sp=0x000000d0d81f9f60 mode 0
Event: 0.211 Thread 0x000002442a12cba0 Uncommon trap: trap_request=0xffffff45 fr.pc=0x000002443c3faf10 relative=0x0000000000000070
Event: 0.211 Thread 0x000002442a12cba0 Uncommon trap: reason=unstable_if action=reinterpret pc=0x000002443c3faf10 method=java.io.WinNTFileSystem.isSlash(C)Z @ 9 c2
Event: 0.211 Thread 0x000002442a12cba0 DEOPT PACKING pc=0x000002443c3faf10 sp=0x000000d0d81fb400
Event: 0.211 Thread 0x000002442a12cba0 DEOPT UNPACKING pc=0x000002443be946a2 sp=0x000000d0d81fb388 mode 2
Event: 0.228 Thread 0x000002442a12cba0 DEOPT PACKING pc=0x0000024434919458 sp=0x000000d0d81fa910
Event: 0.228 Thread 0x000002442a12cba0 DEOPT UNPACKING pc=0x000002443be94e42 sp=0x000000d0d81f9d78 mode 0
Event: 0.559 Thread 0x000002442a12cba0 Uncommon trap: trap_request=0xffffff54 fr.pc=0x000002443c40e390 relative=0x0000000000000070
Event: 0.559 Thread 0x000002442a12cba0 Uncommon trap: reason=speculate_null_assert action=make_not_entrant pc=0x000002443c40e390 method=sun.misc.Unsafe.putLong(Ljava/lang/Object;JJ)V @ 7 c2
Event: 0.559 Thread 0x000002442a12cba0 DEOPT PACKING pc=0x000002443c40e390 sp=0x000000d0d81fee90
Event: 0.559 Thread 0x000002442a12cba0 DEOPT UNPACKING pc=0x000002443be946a2 sp=0x000000d0d81fee08 mode 2
Event: 0.565 Thread 0x000002442a12cba0 Uncommon trap: trap_request=0xffffff54 fr.pc=0x000002443c40fe0c relative=0x000000000000006c
Event: 0.565 Thread 0x000002442a12cba0 Uncommon trap: reason=speculate_null_assert action=make_not_entrant pc=0x000002443c40fe0c method=sun.misc.Unsafe.getLong(Ljava/lang/Object;J)J @ 5 c2
Event: 0.565 Thread 0x000002442a12cba0 DEOPT PACKING pc=0x000002443c40fe0c sp=0x000000d0d81fefe0
Event: 0.565 Thread 0x000002442a12cba0 DEOPT UNPACKING pc=0x000002443be946a2 sp=0x000000d0d81fef68 mode 2

Classes loaded (20 events):
Event: 0.286 Loading class java/lang/foreign/MemorySegment
Event: 0.286 Loading class java/lang/foreign/MemorySegment done
Event: 0.290 Loading class java/nio/InvalidMarkException
Event: 0.290 Loading class java/nio/InvalidMarkException done
Event: 0.290 Loading class java/nio/BufferUnderflowException
Event: 0.290 Loading class java/nio/BufferUnderflowException done
Event: 0.299 Loading class java/util/Formatter$FixedString
Event: 0.299 Loading class java/util/Formatter$FixedString done
Event: 0.314 Loading class java/lang/NoSuchFieldError
Event: 0.314 Loading class java/lang/NoSuchFieldError done
Event: 0.321 Loading class jdk/internal/reflect/MethodHandleIntegerFieldAccessorImpl
Event: 0.321 Loading class jdk/internal/reflect/MethodHandleIntegerFieldAccessorImpl done
Event: 0.836 Loading class java/io/UncheckedIOException
Event: 0.836 Loading class java/io/UncheckedIOException done
Event: 0.838 Loading class jdk/internal/foreign/MemorySessionImpl
Event: 0.838 Loading class java/lang/foreign/MemorySegment$Scope
Event: 0.838 Loading class java/lang/foreign/MemorySegment$Scope done
Event: 0.838 Loading class jdk/internal/foreign/MemorySessionImpl done
Event: 0.840 Loading class java/nio/file/StandardCopyOption
Event: 0.840 Loading class java/nio/file/StandardCopyOption done

Classes unloaded (0 events):
No events

Classes redefined (0 events):
No events

Internal exceptions (20 events):
Event: 0.187 Thread 0x000002442a12cba0 Exception <a 'java/lang/NoSuchMethodError'{0x000000071260b868}: 'void java.lang.invoke.DelegatingMethodHandle$Holder.delegate(java.lang.Object, java.lang.Object, int, java.lang.Object)'> (0x000000071260b868) 
thrown [s\src\hotspot\share\interpreter\linkResolver.cpp, line 773]
Event: 0.187 Thread 0x000002442a12cba0 Exception <a 'java/lang/NoSuchMethodError'{0x000000071260f750}: 'int java.lang.invoke.DirectMethodHandle$Holder.invokeSpecial(java.lang.Object, java.lang.Object, java.lang.Object)'> (0x000000071260f750) 
thrown [s\src\hotspot\share\interpreter\linkResolver.cpp, line 773]
Event: 0.191 Thread 0x000002442a12cba0 Exception <a 'java/lang/NoSuchMethodError'{0x0000000712628be8}: 'void java.lang.System.loadLibrary(java.lang.String, java.lang.Class)'> (0x0000000712628be8) 
thrown [s\src\hotspot\share\interpreter\linkResolver.cpp, line 773]
Event: 0.219 Thread 0x000002442a12cba0 Exception <a 'sun/nio/fs/WindowsException'{0x0000000712655db8}> (0x0000000712655db8) 
thrown [s\src\hotspot\share\prims\jni.cpp, line 520]
Event: 0.220 Thread 0x000002442a12cba0 Exception <a 'sun/nio/fs/WindowsException'{0x0000000712656328}> (0x0000000712656328) 
thrown [s\src\hotspot\share\prims\jni.cpp, line 520]
Event: 0.285 Thread 0x000002442a12cba0 Exception <a 'java/lang/NoSuchMethodError'{0x00000007126f60b0}: 'int java.lang.invoke.DirectMethodHandle$Holder.invokeStaticInit(java.lang.Object, java.lang.Object, int, long)'> (0x00000007126f60b0) 
thrown [s\src\hotspot\share\interpreter\linkResolver.cpp, line 773]
Event: 0.285 Thread 0x000002442a12cba0 Exception <a 'java/lang/NoSuchMethodError'{0x00000007126fb0d8}: 'java.lang.Object java.lang.invoke.DirectMethodHandle$Holder.newInvokeSpecial(java.lang.Object, java.lang.Object, int)'> (0x00000007126fb0d8) 
thrown [s\src\hotspot\share\interpreter\linkResolver.cpp, line 773]
Event: 0.287 Thread 0x000002442a12cba0 Exception <a 'java/lang/NoSuchMethodError'{0x000000071270a408}: 'int java.lang.invoke.DirectMethodHandle$Holder.invokeStaticInit(java.lang.Object, java.lang.Object, long, long)'> (0x000000071270a408) 
thrown [s\src\hotspot\share\interpreter\linkResolver.cpp, line 773]
Event: 0.288 Thread 0x000002442a12cba0 Exception <a 'java/lang/NoSuchMethodError'{0x000000071270f8e8}: 'java.lang.Object java.lang.invoke.DirectMethodHandle$Holder.newInvokeSpecial(java.lang.Object, java.lang.Object, long)'> (0x000000071270f8e8) 
thrown [s\src\hotspot\share\interpreter\linkResolver.cpp, line 773]
Event: 0.288 Thread 0x000002442a12cba0 Exception <a 'java/lang/NoSuchMethodError'{0x0000000712712f30}: 'java.lang.Object java.lang.invoke.Invokers$Holder.linkToTargetMethod(java.lang.Object, long, java.lang.Object)'> (0x0000000712712f30) 
thrown [s\src\hotspot\share\interpreter\linkResolver.cpp, line 773]
Event: 0.289 Thread 0x000002442a12cba0 Exception <a 'java/lang/NoSuchMethodError'{0x0000000712719e88}: 'int java.lang.invoke.DirectMethodHandle$Holder.invokeStaticInit(java.lang.Object, java.lang.Object, java.lang.Object, long)'> (0x0000000712719e88) 
thrown [s\src\hotspot\share\interpreter\linkResolver.cpp, line 773]
Event: 0.313 Thread 0x000002442a12cba0 Exception <a 'sun/nio/fs/WindowsException'{0x00000007127c7718}> (0x00000007127c7718) 
thrown [s\src\hotspot\share\prims\jni.cpp, line 520]
Event: 0.313 Thread 0x000002442a12cba0 Exception <a 'sun/nio/fs/WindowsException'{0x00000007127c7ac0}> (0x00000007127c7ac0) 
thrown [s\src\hotspot\share\prims\jni.cpp, line 520]
Event: 0.321 Thread 0x000002442a12cba0 Exception <a 'java/lang/NoSuchMethodError'{0x00000007127e2ed0}: 'int java.lang.invoke.Invokers$Holder.invokeExact_MT(java.lang.Object, java.lang.Object)'> (0x00000007127e2ed0) 
thrown [s\src\hotspot\share\interpreter\linkResolver.cpp, line 773]
Event: 0.537 Thread 0x000002442a12cba0 Exception <a 'java/lang/NoSuchMethodError'{0x000000071244aed0}: 'void java.lang.System.load(java.lang.String, java.lang.Class)'> (0x000000071244aed0) 
thrown [s\src\hotspot\share\interpreter\linkResolver.cpp, line 773]
Event: 0.539 Thread 0x000002442a12cba0 Exception <a 'java/lang/NoSuchMethodError'{0x000000071244d870}: 'void java.lang.System.loadLibrary(java.lang.String, java.lang.Class)'> (0x000000071244d870) 
thrown [s\src\hotspot\share\interpreter\linkResolver.cpp, line 773]
Event: 0.547 Thread 0x000002442a12cba0 Exception <a 'sun/nio/fs/WindowsException'{0x000000071245daa0}> (0x000000071245daa0) 
thrown [s\src\hotspot\share\prims\jni.cpp, line 520]
Event: 0.547 Thread 0x000002442a12cba0 Exception <a 'sun/nio/fs/WindowsException'{0x000000071245de80}> (0x000000071245de80) 
thrown [s\src\hotspot\share\prims\jni.cpp, line 520]
Event: 0.555 Thread 0x000002442a12cba0 Exception <a 'sun/nio/fs/WindowsException'{0x0000000712467908}> (0x0000000712467908) 
thrown [s\src\hotspot\share\prims\jni.cpp, line 520]
Event: 0.555 Thread 0x000002442a12cba0 Exception <a 'sun/nio/fs/WindowsException'{0x0000000712467c28}> (0x0000000712467c28) 
thrown [s\src\hotspot\share\prims\jni.cpp, line 520]

ZGC Phase Switch (0 events):
No events

VM Operations (4 events):
Event: 0.123 Executing VM operation: HandshakeAllThreads (Deoptimize)
Event: 0.123 Executing VM operation: HandshakeAllThreads (Deoptimize) done
Event: 0.211 Executing VM operation: HandshakeAllThreads (Deoptimize)
Event: 0.211 Executing VM operation: HandshakeAllThreads (Deoptimize) done

Events (13 events):
Event: 0.037 Thread 0x000002442a12cba0 Thread added: 0x000002442a12cba0
Event: 0.053 Thread 0x000002444af76760 Thread added: 0x000002444af76760
Event: 0.053 Thread 0x000002444af77680 Thread added: 0x000002444af77680
Event: 0.054 Thread 0x000002444af7cd80 Thread added: 0x000002444af7cd80
Event: 0.054 Thread 0x000002444af7d4f0 Thread added: 0x000002444af7d4f0
Event: 0.054 Thread 0x000002444af80700 Thread added: 0x000002444af80700
Event: 0.054 Thread 0x000002444af82910 Thread added: 0x000002444af82910
Event: 0.054 Thread 0x000002444af86e60 Thread added: 0x000002444af86e60
Event: 0.054 Thread 0x000002444af8b5a0 Thread added: 0x000002444af8b5a0
Event: 0.101 Thread 0x000002444b87bee0 Thread added: 0x000002444b87bee0
Event: 0.104 Thread 0x000002444b89c720 Thread added: 0x000002444b89c720
Event: 0.280 Thread 0x0000024491166c70 Thread added: 0x0000024491166c70
Event: 0.535 Thread 0x0000024491166c70 Thread exited: 0x0000024491166c70


Dynamic libraries:
0x00007ff7f7e80000 - 0x00007ff7f7e8e000 	C:\Users\Allen Mercado\.jdks\corretto-21.0.3\bin\java.exe
0x00007ffc5f8b0000 - 0x00007ffc5fac7000 	C:\WINDOWS\SYSTEM32\ntdll.dll
0x00007ffc21790000 - 0x00007ffc217a9000 	C:\Program Files\AVG\Antivirus\aswhook.dll
0x00007ffc5dbc0000 - 0x00007ffc5dc84000 	C:\WINDOWS\System32\KERNEL32.DLL
0x00007ffc5cbe0000 - 0x00007ffc5cf8c000 	C:\WINDOWS\System32\KERNELBASE.dll
0x00007ffc5d4a0000 - 0x00007ffc5d5b1000 	C:\WINDOWS\System32\ucrtbase.dll
0x00007ffc58150000 - 0x00007ffc58168000 	C:\Users\Allen Mercado\.jdks\corretto-21.0.3\bin\jli.dll
0x00007ffc57580000 - 0x00007ffc5759b000 	C:\Users\Allen Mercado\.jdks\corretto-21.0.3\bin\VCRUNTIME140.dll
0x00007ffc5d9a0000 - 0x00007ffc5db4e000 	C:\WINDOWS\System32\USER32.dll
0x00007ffc5d3f0000 - 0x00007ffc5d416000 	C:\WINDOWS\System32\win32u.dll
0x00007ffc49070000 - 0x00007ffc49303000 	C:\WINDOWS\WinSxS\amd64_microsoft.windows.common-controls_6595b64144ccf1df_6.0.22621.3672_none_2713b9d173822955\COMCTL32.dll
0x00007ffc5e0d0000 - 0x00007ffc5e0f9000 	C:\WINDOWS\System32\GDI32.dll
0x00007ffc5e800000 - 0x00007ffc5e8a7000 	C:\WINDOWS\System32\msvcrt.dll
0x00007ffc5cf90000 - 0x00007ffc5d0a9000 	C:\WINDOWS\System32\gdi32full.dll
0x00007ffc5d120000 - 0x00007ffc5d1ba000 	C:\WINDOWS\System32\msvcp_win.dll
0x00007ffc5e570000 - 0x00007ffc5e5a1000 	C:\WINDOWS\System32\IMM32.DLL
0x00007ffc58590000 - 0x00007ffc5859c000 	C:\Users\Allen Mercado\.jdks\corretto-21.0.3\bin\vcruntime140_1.dll
0x00007ffc17dc0000 - 0x00007ffc17e4d000 	C:\Users\Allen Mercado\.jdks\corretto-21.0.3\bin\msvcp140.dll
0x00007ffbdd200000 - 0x00007ffbddf91000 	C:\Users\Allen Mercado\.jdks\corretto-21.0.3\bin\server\jvm.dll
0x00007ffc5f7b0000 - 0x00007ffc5f862000 	C:\WINDOWS\System32\ADVAPI32.dll
0x00007ffc5e020000 - 0x00007ffc5e0ca000 	C:\WINDOWS\System32\sechost.dll
0x00007ffc5d5c0000 - 0x00007ffc5d5e8000 	C:\WINDOWS\System32\bcrypt.dll
0x00007ffc5d880000 - 0x00007ffc5d995000 	C:\WINDOWS\System32\RPCRT4.dll
0x00007ffc5e160000 - 0x00007ffc5e1d1000 	C:\WINDOWS\System32\WS2_32.dll
0x00007ffc58b10000 - 0x00007ffc58b1a000 	C:\WINDOWS\SYSTEM32\VERSION.dll
0x00007ffc574b0000 - 0x00007ffc574e4000 	C:\WINDOWS\SYSTEM32\WINMM.dll
0x00007ffc5c450000 - 0x00007ffc5c49d000 	C:\WINDOWS\SYSTEM32\POWRPROF.dll
0x00007ffc5c430000 - 0x00007ffc5c443000 	C:\WINDOWS\SYSTEM32\UMPDC.dll
0x00007ffc5bc10000 - 0x00007ffc5bc28000 	C:\WINDOWS\SYSTEM32\kernel.appcore.dll
0x00007ffc57240000 - 0x00007ffc5724a000 	C:\Users\Allen Mercado\.jdks\corretto-21.0.3\bin\jimage.dll
0x00007ffc5a470000 - 0x00007ffc5a6a2000 	C:\WINDOWS\SYSTEM32\DBGHELP.DLL
0x00007ffc5e1e0000 - 0x00007ffc5e568000 	C:\WINDOWS\System32\combase.dll
0x00007ffc5dc90000 - 0x00007ffc5dd67000 	C:\WINDOWS\System32\OLEAUT32.dll
0x00007ffc580a0000 - 0x00007ffc580d2000 	C:\WINDOWS\SYSTEM32\dbgcore.DLL
0x00007ffc5d420000 - 0x00007ffc5d49b000 	C:\WINDOWS\System32\bcryptPrimitives.dll
0x00007ffc51a00000 - 0x00007ffc51a1f000 	C:\Users\Allen Mercado\.jdks\corretto-21.0.3\bin\java.dll
0x00007ffc5eea0000 - 0x00007ffc5f6fc000 	C:\WINDOWS\System32\SHELL32.dll
0x00007ffc5ab30000 - 0x00007ffc5b427000 	C:\WINDOWS\SYSTEM32\windows.storage.dll
0x00007ffc5a9f0000 - 0x00007ffc5ab2f000 	C:\WINDOWS\SYSTEM32\wintypes.dll
0x00007ffc5d660000 - 0x00007ffc5d754000 	C:\WINDOWS\System32\SHCORE.dll
0x00007ffc5de00000 - 0x00007ffc5de5e000 	C:\WINDOWS\System32\shlwapi.dll
0x00007ffc5cb10000 - 0x00007ffc5cb31000 	C:\WINDOWS\SYSTEM32\profapi.dll
0x00007ffc103b0000 - 0x00007ffc10487000 	C:\Users\Allen Mercado\.jdks\corretto-21.0.3\bin\jsvml.dll
0x00007ffc51930000 - 0x00007ffc51940000 	C:\Users\Allen Mercado\.jdks\corretto-21.0.3\bin\net.dll
0x00007ffc57980000 - 0x00007ffc57ab6000 	C:\WINDOWS\SYSTEM32\WINHTTP.dll
0x00007ffc5c080000 - 0x00007ffc5c0e9000 	C:\WINDOWS\system32\mswsock.dll
0x00007ffc47d70000 - 0x00007ffc47d86000 	C:\Users\Allen Mercado\.jdks\corretto-21.0.3\bin\nio.dll
0x00007ffc51760000 - 0x00007ffc51778000 	C:\Users\Allen Mercado\.jdks\corretto-21.0.3\bin\zip.dll
0x00007ffc10330000 - 0x00007ffc103ab000 	C:\Users\Allen Mercado\AppData\Local\Temp\lwjgl_Allen Mercado\3.3.3+5\x64\lwjgl.dll
0x00007ffc10120000 - 0x00007ffc101a2000 	C:\Users\ALLENM~1\AppData\Local\Temp\lwjgl_Allen Mercado\3.3.3+5\x64\glfw.dll
0x00007ffc324f0000 - 0x00007ffc32536000 	C:\WINDOWS\SYSTEM32\dinput8.dll
0x00007ffc50fc0000 - 0x00007ffc50fd1000 	C:\WINDOWS\SYSTEM32\xinput1_4.dll
0x00007ffc5c8c0000 - 0x00007ffc5c90e000 	C:\WINDOWS\SYSTEM32\cfgmgr32.dll
0x00007ffc5c890000 - 0x00007ffc5c8bc000 	C:\WINDOWS\SYSTEM32\DEVOBJ.dll
0x00007ffc59ec0000 - 0x00007ffc59eeb000 	C:\WINDOWS\SYSTEM32\dwmapi.dll
0x00007ffc43d00000 - 0x00007ffc43f0c000 	C:\WINDOWS\SYSTEM32\inputhost.dll
0x00007ffc569d0000 - 0x00007ffc56b03000 	C:\WINDOWS\SYSTEM32\CoreMessaging.dll
0x00007ffc59c30000 - 0x00007ffc59cda000 	C:\WINDOWS\system32\uxtheme.dll
0x00007ffc5c3c0000 - 0x00007ffc5c3cc000 	C:\WINDOWS\SYSTEM32\CRYPTBASE.DLL
0x00007ffc5e8b0000 - 0x00007ffc5ea03000 	C:\WINDOWS\System32\MSCTF.dll
0x00007ffc18050000 - 0x00007ffc18150000 	C:\WINDOWS\SYSTEM32\opengl32.dll
0x00007ffc58120000 - 0x00007ffc5814d000 	C:\WINDOWS\SYSTEM32\GLU32.dll
0x00007ffc59d50000 - 0x00007ffc59d89000 	C:\WINDOWS\SYSTEM32\dxcore.dll
0x00007ffc5f700000 - 0x00007ffc5f7b0000 	C:\WINDOWS\System32\clbcatq.dll
0x00007ffbcc100000 - 0x00007ffbcf128000 	C:\WINDOWS\System32\DriverStore\FileRepository\nvam.inf_amd64_4c9ded46d0fbe1f8\nvoglv64.dll
0x00007ffc5ea10000 - 0x00007ffc5ee84000 	C:\WINDOWS\System32\SETUPAPI.dll
0x00007ffc5e5d0000 - 0x00007ffc5e775000 	C:\WINDOWS\System32\ole32.dll
0x00007ffc5b9d0000 - 0x00007ffc5b9e4000 	C:\WINDOWS\SYSTEM32\WTSAPI32.dll
0x00007ffc5c3a0000 - 0x00007ffc5c3b2000 	C:\WINDOWS\SYSTEM32\msasn1.dll
0x00007ffc54bc0000 - 0x00007ffc54bf2000 	C:\WINDOWS\SYSTEM32\cryptnet.dll
0x00007ffc5d280000 - 0x00007ffc5d3e7000 	C:\WINDOWS\System32\CRYPT32.dll
0x00007ffc54a60000 - 0x00007ffc54bb8000 	C:\WINDOWS\SYSTEM32\drvstore.dll
0x00007ffc5c4a0000 - 0x00007ffc5c4e9000 	C:\WINDOWS\SYSTEM32\wldp.dll
0x00007ffc5d0b0000 - 0x00007ffc5d11b000 	C:\WINDOWS\System32\WINTRUST.dll
0x00007ffc5bc30000 - 0x00007ffc5bc64000 	C:\WINDOWS\SYSTEM32\ntmarta.dll
0x00007ffc0d8e0000 - 0x00007ffc0dba4000 	C:\WINDOWS\system32\nvspcap64.dll
0x00007ffc5c0f0000 - 0x00007ffc5c156000 	C:\WINDOWS\SYSTEM32\WINSTA.dll
0x00007ffc3c0e0000 - 0x00007ffc3c22d000 	C:\WINDOWS\SYSTEM32\textinputframework.dll
0x00007ffc54020000 - 0x00007ffc5438d000 	C:\WINDOWS\SYSTEM32\CoreUIComponents.dll
0x00007ffc30e80000 - 0x00007ffc30ede000 	C:\Users\Allen Mercado\AppData\Local\Temp\lwjgl_Allen Mercado\3.3.3+5\x64\lwjgl_opengl.dll
0x000000006f6c0000 - 0x000000006f872000 	C:\Users\Allen Mercado\AppData\Local\Temp\imgui-java-bin_Allen Mercado\imgui-java64.dll
0x00007ffc5c350000 - 0x00007ffc5c36b000 	C:\WINDOWS\SYSTEM32\CRYPTSP.dll
0x00007ffc5bb70000 - 0x00007ffc5bba5000 	C:\WINDOWS\system32\rsaenh.dll

dbghelp: loaded successfully - version: 4.0.5 - missing functions: none
symbol engine: initialized successfully - sym options: 0x614 - pdb path: .;C:\Users\Allen Mercado\.jdks\corretto-21.0.3\bin;C:\WINDOWS\SYSTEM32;C:\Program Files\AVG\Antivirus;C:\WINDOWS\WinSxS\amd64_microsoft.windows.common-controls_6595b64144ccf1df_6.0.22621.3672_none_2713b9d173822955;C:\Users\Allen Mercado\.jdks\corretto-21.0.3\bin\server;C:\Users\Allen Mercado\AppData\Local\Temp\lwjgl_Allen Mercado\3.3.3+5\x64;C:\Users\ALLENM~1\AppData\Local\Temp\lwjgl_Allen Mercado\3.3.3+5\x64;C:\WINDOWS\System32\DriverStore\FileRepository\nvam.inf_amd64_4c9ded46d0fbe1f8;C:\Users\Allen Mercado\AppData\Local\Temp\imgui-java-bin_Allen Mercado

VM Arguments:
jvm_args: -Dfile.encoding=windows-1252 -Duser.country=PH -Duser.language=en -Duser.variant 
java_command: org.example.Main
java_class_path (initial): D:\Github\IntelliJ\NotGithub\build\classes\java\main;D:\Github\IntelliJ\NotGithub\build\resources\main;C:\Users\Allen Mercado\.gradle\caches\modules-2\files-2.1\io.imgui.java\lwjgl3\1.76-0.9\e59d2c987f7992b35f69f83e3554590de40c7e79\lwjgl3-1.76-0.9.jar;C:\Users\Allen Mercado\.gradle\caches\modules-2\files-2.1\io.imgui.java\binding\1.76-0.9\26b8c5547da3642e214d9ace5a6c624e1ed315b7\binding-1.76-0.9.jar;C:\Users\Allen Mercado\.gradle\caches\modules-2\files-2.1\org.lwjgl\lwjgl-assimp\3.3.3\c2c34011cbda30ed8cf98bc5cbf97b49afe5279a\lwjgl-assimp-3.3.3.jar;C:\Users\Allen Mercado\.gradle\caches\modules-2\files-2.1\org.lwjgl\lwjgl-assimp\3.3.3\d90ccdade594716062975cffd1431d387f770ac4\lwjgl-assimp-3.3.3-natives-windows.jar;C:\Users\Allen Mercado\.gradle\caches\modules-2\files-2.1\org.lwjgl\lwjgl-glfw\3.3.3\efa1eb78c5ccd840e9f329717109b5e892d72f8e\lwjgl-glfw-3.3.3.jar;C:\Users\Allen Mercado\.gradle\caches\modules-2\files-2.1\org.lwjgl\lwjgl-glfw\3.3.3\e449e28b4891fc423c54c85fbc5bb0b9efece67a\lwjgl-glfw-3.3.3-natives-windows.jar;C:\Users\Allen Mercado\.gradle\caches\modules-2\files-2.1\org.lwjgl\lwjgl-nfd\3.3.3\f1b41d3a0a2f5cd2a55a6a59a618c87d0348681c\lwjgl-nfd-3.3.3.jar;C:\Users\Allen Mercado\.gradle\caches\modules-2\files-2.1\org.lwjgl\lwjgl-nfd\3.3.3\3a39132eef695dcb7631adc1d02e493527940d10\lwjgl-nfd-3.3.3-natives-windows.jar;C:\Users\Allen Mercado\.gradle\caches\modules-2\files-2.1\org.lwjgl\lwjgl-openal\3.3.3\daada81ceb5fc0c291fbfdd4433cb8d9423577f2\lwjgl-openal-3.3.3.jar;C:\Users\Allen Mercado\.gradle\caches\modules-2\files-2.1\org.lwjgl\lwjgl-openal\3.3.3\cf83862ae95d98496b26915024c7e666d8ab1c8f\lwjgl-openal-3.3.3-natives-windows.jar;C:\Users\Allen Mercado\.gradle\caches\modules-2\files-2.1\org.lwjgl\lwjgl-opengl\3.3.3\2f6b0147078396a58979125a4c947664e98293a\lwjgl-opengl-3.3.3.jar;C:\Users\Allen Mercado\.gradle\caches\modules-2\files-2.1\org.lwjgl\lwjgl-opengl\3.3.3\e6c1eec8be8a71951b830a4d69efc01c6531900c\lwjgl-opengl-3.3.3-natives-windows.jar;C:\Users\Allen Mercado\.gradle\caches\modules-2\files-2.1\org.lwjgl\lwjgl-stb\3.3.3\25dd6161988d7e65f71d5065c99902402ee32746\lwjgl-stb-3.3.3.jar;C:\Users\Allen Mercado\.gradle\caches\modules-2\files-2.1\org.lwjgl\lwjgl-stb\3.3.3\1d9facdf6541de114b0f963be33505b7679c78cb\lwjgl-stb-3.3.3-natives-windows.jar;C:\Users\Allen Mercado\.gradle\caches\modules-2\files-2.1\org.lwjgl\lwjgl\3.3.3\29589b5f87ed335a6c7e7ee6a5775f81f97ecb84\lwjgl-3.3.3.jar;C:\Users\Allen Mercado\.gradle\caches\modules-2\files-2.1\org.lwjgl\lwjgl\3.3.3\a5ed18a2b82fc91b81f40d717cb1f64c9dcb0540\lwjgl-3.3.3-natives-windows.jar;C:\Users\Allen Mercado\.gradle\caches\modules-2\files-2.1\org.joml\joml\1.10.5\22566d58af70ad3d72308bab63b8339906deb649\joml-1.10.5.jar;C:\Users\Allen Mercado\.gradle\caches\modules-2\files-2.1\io.imgui.java\natives-windows\1.76-0.9\361eadac2f9c8cffc73a99cdbecc31b62f591bbf\natives-windows-1.76-0.9.jar
Launcher Type: SUN_STANDARD

[Global flags]
     intx CICompilerCount                          = 4                                         {product} {ergonomic}
     uint ConcGCThreads                            = 2                                         {product} {ergonomic}
     uint G1ConcRefinementThreads                  = 8                                         {product} {ergonomic}
   size_t G1HeapRegionSize                         = 2097152                                   {product} {ergonomic}
    uintx GCDrainStackTargetSize                   = 64                                        {product} {ergonomic}
   size_t InitialHeapSize                          = 266338304                                 {product} {ergonomic}
   size_t MarkStackSize                            = 4194304                                   {product} {ergonomic}
   size_t MaxHeapSize                              = 4246732800                                {product} {ergonomic}
   size_t MaxNewSize                               = 2548039680                                {product} {ergonomic}
   size_t MinHeapDeltaBytes                        = 2097152                                   {product} {ergonomic}
   size_t MinHeapSize                              = 8388608                                   {product} {ergonomic}
    uintx NonNMethodCodeHeapSize                   = 5839372                                {pd product} {ergonomic}
    uintx NonProfiledCodeHeapSize                  = 122909434                              {pd product} {ergonomic}
    uintx ProfiledCodeHeapSize                     = 122909434                              {pd product} {ergonomic}
    uintx ReservedCodeCacheSize                    = 251658240                              {pd product} {ergonomic}
     bool SegmentedCodeCache                       = true                                      {product} {ergonomic}
   size_t SoftMaxHeapSize                          = 4246732800                             {manageable} {ergonomic}
     bool UseCompressedOops                        = true                           {product lp64_product} {ergonomic}
     bool UseG1GC                                  = true                                      {product} {ergonomic}
     bool UseLargePagesIndividualAllocation        = false                                  {pd product} {ergonomic}

Logging:
Log output configuration:
 #0: stdout all=warning uptime,level,tags foldmultilines=false
 #1: stderr all=off uptime,level,tags foldmultilines=false

Environment Variables:
PATH=C:\Program Files\Common Files\Oracle\Java\javapath;C:\Python312\Scripts\;C:\Python312\;C:\Windows\system32;C:\Windows;C:\Windows\System32\Wbem;C:\Windows\System32\WindowsPowerShell\v1.0\;C:\Windows\System32\OpenSSH\;C:\Program Files (x86)\NVIDIA Corporation\PhysX\Common;C:\Program Files\NVIDIA Corporation\NVIDIA NvDLISR;C:\WINDOWS\system32;C:\WINDOWS;C:\WINDOWS\System32\Wbem;C:\WINDOWS\System32\WindowsPowerShell\v1.0\;C:\WINDOWS\System32\OpenSSH\;C:\ProgramData\chocolatey\bin;C:\Program Files\Git\cmd;C:\Program Files\dotnet\;C:\Program Files\nodejs\;C:\Users\Allen Mercado\AppData\Local\Programs\Python\Python311\Scripts\;C:\Users\Allen Mercado\AppData\Local\Programs\Python\Python311\;C:\Users\Allen Mercado\.console-ninja\.bin;C:\Users\Allen Mercado\AppData\Local\Microsoft\WindowsApps;C:\Users\Allen Mercado\AppData\Local\Programs\Microsoft VS Code\bin;C:\Users\Allen Mercado\AppData\Local\GitHubDesktop\bin;C:\Program Files\nodejs\;;C:\Users\Allen Mercado\AppData\Local\Microsoft\WindowsApps;C:\Users\Allen Mercado\AppData\Roaming\npm;C:\Users\Allen Mercado\.dotnet\tools;D:\IntelliJ IDEA Community Edition 2024.1.1\bin;
USERNAME=Allen Mercado
OS=Windows_NT
PROCESSOR_IDENTIFIER=AMD64 Family 23 Model 24 Stepping 1, AuthenticAMD
TMP=C:\Users\ALLENM~1\AppData\Local\Temp
TEMP=C:\Users\ALLENM~1\AppData\Local\Temp




Periodic native trim disabled

---------------  S Y S T E M  ---------------

OS:
 Windows 11 , 64 bit Build 22621 (10.0.22621.3672)
OS uptime: 0 days 17:23 hours

CPU: total 8 (initial active 8) (8 cores per cpu, 2 threads per core) family 23 model 24 stepping 1 microcode 0x0, cx8, cmov, fxsr, ht, mmx, 3dnowpref, sse, sse2, sse3, ssse3, sse4a, sse4.1, sse4.2, popcnt, lzcnt, tsc, tscinvbit, avx, avx2, aes, clmul, bmi1, bmi2, adx, sha, fma, vzeroupper, clflush, clflushopt, rdtscp, f16c
Processor Information for all 8 processors :
  Max Mhz: 2100, Current Mhz: 2100, Mhz Limit: 2100

Memory: 4k page, system-wide physical 16193M (3146M free)
TotalPageFile size 23873M (AvailPageFile size 7690M)
current process WorkingSet (physical memory assigned to process): 94M, peak: 94M
current process commit charge ("private bytes"): 410M, peak: 410M

vm_info: OpenJDK 64-Bit Server VM (21.0.3+9-LTS) for windows-amd64 JRE (21.0.3+9-LTS), built on 2024-04-10T19:10:39Z by "Administrator" with MS VC++ 16.10 / 16.11 (VS2019)

END.
